#
# There is insufficient memory for the Java Runtime Environment to continue.
# Native memory allocation (malloc) failed to allocate 469520 bytes for Chunk::new
# Possible reasons:
#   The system is out of physical RAM or swap space
#   In 32 bit mode, the process size limit was hit
# Possible solutions:
#   Reduce memory load on the system
#   Increase physical memory or swap space
#   Check if swap backing store is full
#   Use 64 bit Java on a 64 bit OS
#   Decrease Java heap size (-Xmx/-Xms)
#   Decrease number of Java threads
#   Decrease Java thread stack sizes (-Xss)
#   Set larger code cache with -XX:ReservedCodeCacheSize=
# This output file may be truncated or incomplete.
#
#  Out of Memory Error (allocation.cpp:390), pid=7868, tid=0x0000000000003330
#
# JRE version: Java(TM) SE Runtime Environment (8.0_121-b13) (build 1.8.0_121-b13)
# Java VM: Java HotSpot(TM) 64-Bit Server VM (25.121-b13 mixed mode windows-amd64 compressed oops)
# Failed to write core dump. Minidumps are not enabled by default on client versions of Windows
#

---------------  T H R E A D  ---------------

Current thread (0x00000000178a3800):  JavaThread "C2 CompilerThread1" daemon [_thread_in_native, id=13104, stack(0x0000000018ef0000,0x0000000018ff0000)]

Stack: [0x0000000018ef0000,0x0000000018ff0000]
[error occurred during error reporting (printing stack bounds), id 0xc0000005]

Native frames: (J=compiled Java code, j=interpreted, Vv=VM code, C=native code)


Current CompileTask:
C2:   7386 4127       4       java.net.URLClassLoader$1::run (5 bytes)


---------------  P R O C E S S  ---------------

Java Threads: ( => current thread )
  0x0000000019d2a000 JavaThread "resolver-4" daemon [_thread_blocked, id=568, stack(0x000000001ce30000,0x000000001cf30000)]
  0x0000000019d29000 JavaThread "resolver-3" daemon [_thread_blocked, id=12844, stack(0x000000001cd30000,0x000000001ce30000)]
  0x000000001ae64800 JavaThread "resolver-2" daemon [_thread_blocked, id=13920, stack(0x000000001cc30000,0x000000001cd30000)]
  0x000000001ae63800 JavaThread "resolver-1" daemon [_thread_blocked, id=14332, stack(0x000000001cb30000,0x000000001cc30000)]
  0x0000000019195800 JavaThread "Monitor Ctrl-Break" daemon [_thread_in_native, id=10644, stack(0x00000000196f0000,0x00000000197f0000)]
  0x0000000019118800 JavaThread "Service Thread" daemon [_thread_blocked, id=12344, stack(0x00000000194f0000,0x00000000195f0000)]
  0x00000000178aa000 JavaThread "C1 CompilerThread2" daemon [_thread_in_native, id=768, stack(0x0000000018ff0000,0x00000000190f0000)]
=>0x00000000178a3800 JavaThread "C2 CompilerThread1" daemon [_thread_in_native, id=13104, stack(0x0000000018ef0000,0x0000000018ff0000)]
  0x00000000178a1800 JavaThread "C2 CompilerThread0" daemon [_thread_in_native, id=1868, stack(0x0000000018df0000,0x0000000018ef0000)]
  0x00000000178a0000 JavaThread "Attach Listener" daemon [_thread_blocked, id=6596, stack(0x0000000018cf0000,0x0000000018df0000)]
  0x000000001789f000 JavaThread "Signal Dispatcher" daemon [_thread_blocked, id=4428, stack(0x0000000018bf0000,0x0000000018cf0000)]
  0x0000000002d4c800 JavaThread "Finalizer" daemon [_thread_blocked, id=16956, stack(0x0000000018af0000,0x0000000018bf0000)]
  0x0000000017869800 JavaThread "Reference Handler" daemon [_thread_blocked, id=12196, stack(0x00000000189f0000,0x0000000018af0000)]
  0x0000000002c4d800 JavaThread "main" [_thread_in_Java, id=14008, stack(0x0000000002a50000,0x0000000002b50000)]

Other Threads:
  0x0000000017868000 VMThread [stack: 0x00000000188f0000,0x00000000189f0000] [id=13944]
  0x0000000019134000 WatcherThread [stack: 0x00000000195f0000,0x00000000196f0000] [id=9500]

VM state:not at safepoint (normal execution)

VM Mutex/Monitor currently owned by a thread: None

Heap:
 PSYoungGen      total 38400K, used 13487K [0x00000000d5d80000, 0x00000000d8800000, 0x0000000100000000)
  eden space 33280K, 40% used [0x00000000d5d80000,0x00000000d6aabfc8,0x00000000d7e00000)
  from space 5120K, 0% used [0x00000000d7e00000,0x00000000d7e00000,0x00000000d8300000)
  to   space 5120K, 0% used [0x00000000d8300000,0x00000000d8300000,0x00000000d8800000)
 ParOldGen       total 77824K, used 19835K [0x0000000081800000, 0x0000000086400000, 0x00000000d5d80000)
  object space 77824K, 25% used [0x0000000081800000,0x0000000082b5ec08,0x0000000086400000)
 Metaspace       used 23283K, capacity 23850K, committed 24240K, reserved 1071104K
  class space    used 2769K, capacity 2943K, committed 2992K, reserved 1048576K

Card table byte_map: [0x0000000012110000,0x0000000012510000] byte_map_base: 0x0000000011d04000

Marking Bits: (ParMarkBitMap*) 0x00000000746eb6d0
 Begin Bits: [0x0000000012bc0000, 0x0000000014b60000)
 End Bits:   [0x0000000014b60000, 0x0000000016b00000)

Polling page: 0x0000000001170000

CodeCache: size=245760Kb used=11884Kb max_used=12857Kb free=233875Kb
 bounds [0x0000000002d50000, 0x00000000039f0000, 0x0000000011d50000]
 total_blobs=4034 nmethods=3625 adapters=321
 compilation: enabled

Compilation events (10 events):
Event: 7.342 Thread 0x00000000178aa000 4166       3       sun.util.calendar.Gregorian$Date::setNormalizedYear (7 bytes)
Event: 7.343 Thread 0x00000000178aa000 nmethod 4166 0x00000000036c9ed0 code [0x00000000036ca040, 0x00000000036ca2b0]
Event: 7.343 Thread 0x00000000178aa000 4167       3       sun.util.calendar.CalendarDate::setYear (20 bytes)
Event: 7.343 Thread 0x00000000178aa000 nmethod 4167 0x00000000036829d0 code [0x0000000003682b20, 0x0000000003682cb0]
Event: 7.347 Thread 0x00000000178aa000 4168       3       sun.util.calendar.CalendarDate::setHours (20 bytes)
Event: 7.347 Thread 0x00000000178aa000 nmethod 4168 0x00000000036c9b90 code [0x00000000036c9ce0, 0x00000000036c9e70]
Event: 7.347 Thread 0x00000000178aa000 4169       3       sun.util.calendar.CalendarDate::setMinutes (20 bytes)
Event: 7.347 Thread 0x00000000178aa000 nmethod 4169 0x00000000036c9850 code [0x00000000036c99a0, 0x00000000036c9b30]
Event: 7.352 Thread 0x00000000178aa000 4170  s    2       java.util.Hashtable::put (104 bytes)
Event: 7.352 Thread 0x00000000178aa000 nmethod 4170 0x0000000003193d50 code [0x0000000003193f00, 0x0000000003194458]

GC Heap History (10 events):
Event: 4.250 GC heap before
{Heap before GC invocations=6 (full 0):
 PSYoungGen      total 38400K, used 38384K [0x00000000d5d80000, 0x00000000d8800000, 0x0000000100000000)
  eden space 33280K, 100% used [0x00000000d5d80000,0x00000000d7e00000,0x00000000d7e00000)
  from space 5120K, 99% used [0x00000000d7e00000,0x00000000d82fc020,0x00000000d8300000)
  to   space 5120K, 0% used [0x00000000d8300000,0x00000000d8300000,0x00000000d8800000)
 ParOldGen       total 87552K, used 6884K [0x0000000081800000, 0x0000000086d80000, 0x00000000d5d80000)
  object space 87552K, 7% used [0x0000000081800000,0x0000000081eb9218,0x0000000086d80000)
 Metaspace       used 17723K, capacity 18120K, committed 18176K, reserved 1064960K
  class space    used 2167K, capacity 2279K, committed 2304K, reserved 1048576K
Event: 4.260 GC heap after
Heap after GC invocations=6 (full 0):
 PSYoungGen      total 38400K, used 5108K [0x00000000d5d80000, 0x00000000d8800000, 0x0000000100000000)
  eden space 33280K, 0% used [0x00000000d5d80000,0x00000000d5d80000,0x00000000d7e00000)
  from space 5120K, 99% used [0x00000000d8300000,0x00000000d87fd020,0x00000000d8800000)
  to   space 5120K, 0% used [0x00000000d7e00000,0x00000000d7e00000,0x00000000d8300000)
 ParOldGen       total 87552K, used 8919K [0x0000000081800000, 0x0000000086d80000, 0x00000000d5d80000)
  object space 87552K, 10% used [0x0000000081800000,0x00000000820b5e68,0x0000000086d80000)
 Metaspace       used 17723K, capacity 18120K, committed 18176K, reserved 1064960K
  class space    used 2167K, capacity 2279K, committed 2304K, reserved 1048576K
}
Event: 4.846 GC heap before
{Heap before GC invocations=7 (full 0):
 PSYoungGen      total 38400K, used 38388K [0x00000000d5d80000, 0x00000000d8800000, 0x0000000100000000)
  eden space 33280K, 100% used [0x00000000d5d80000,0x00000000d7e00000,0x00000000d7e00000)
  from space 5120K, 99% used [0x00000000d8300000,0x00000000d87fd020,0x00000000d8800000)
  to   space 5120K, 0% used [0x00000000d7e00000,0x00000000d7e00000,0x00000000d8300000)
 ParOldGen       total 87552K, used 8919K [0x0000000081800000, 0x0000000086d80000, 0x00000000d5d80000)
  object space 87552K, 10% used [0x0000000081800000,0x00000000820b5e68,0x0000000086d80000)
 Metaspace       used 18494K, capacity 18902K, committed 19072K, reserved 1067008K
  class space    used 2225K, capacity 2345K, committed 2432K, reserved 1048576K
Event: 4.863 GC heap after
Heap after GC invocations=7 (full 0):
 PSYoungGen      total 38400K, used 5111K [0x00000000d5d80000, 0x00000000d8800000, 0x0000000100000000)
  eden space 33280K, 0% used [0x00000000d5d80000,0x00000000d5d80000,0x00000000d7e00000)
  from space 5120K, 99% used [0x00000000d7e00000,0x00000000d82fde28,0x00000000d8300000)
  to   space 5120K, 0% used [0x00000000d8300000,0x00000000d8300000,0x00000000d8800000)
 ParOldGen       total 87552K, used 19180K [0x0000000081800000, 0x0000000086d80000, 0x00000000d5d80000)
  object space 87552K, 21% used [0x0000000081800000,0x0000000082abb0e0,0x0000000086d80000)
 Metaspace       used 18494K, capacity 18902K, committed 19072K, reserved 1067008K
  class space    used 2225K, capacity 2345K, committed 2432K, reserved 1048576K
}
Event: 5.640 GC heap before
{Heap before GC invocations=8 (full 0):
 PSYoungGen      total 38400K, used 38391K [0x00000000d5d80000, 0x00000000d8800000, 0x0000000100000000)
  eden space 33280K, 100% used [0x00000000d5d80000,0x00000000d7e00000,0x00000000d7e00000)
  from space 5120K, 99% used [0x00000000d7e00000,0x00000000d82fde28,0x00000000d8300000)
  to   space 5120K, 0% used [0x00000000d8300000,0x00000000d8300000,0x00000000d8800000)
 ParOldGen       total 87552K, used 19180K [0x0000000081800000, 0x0000000086d80000, 0x00000000d5d80000)
  object space 87552K, 21% used [0x0000000081800000,0x0000000082abb0e0,0x0000000086d80000)
 Metaspace       used 19521K, capacity 19982K, committed 20224K, reserved 1067008K
  class space    used 2323K, capacity 2444K, committed 2560K, reserved 1048576K
Event: 5.651 GC heap after
Heap after GC invocations=8 (full 0):
 PSYoungGen      total 38400K, used 5100K [0x00000000d5d80000, 0x00000000d8800000, 0x0000000100000000)
  eden space 33280K, 0% used [0x00000000d5d80000,0x00000000d5d80000,0x00000000d7e00000)
  from space 5120K, 99% used [0x00000000d8300000,0x00000000d87fb2e0,0x00000000d8800000)
  to   space 5120K, 0% used [0x00000000d7e00000,0x00000000d7e00000,0x00000000d8300000)
 ParOldGen       total 87552K, used 22871K [0x0000000081800000, 0x0000000086d80000, 0x00000000d5d80000)
  object space 87552K, 26% used [0x0000000081800000,0x0000000082e55cb0,0x0000000086d80000)
 Metaspace       used 19521K, capacity 19982K, committed 20224K, reserved 1067008K
  class space    used 2323K, capacity 2444K, committed 2560K, reserved 1048576K
}
Event: 6.328 GC heap before
{Heap before GC invocations=9 (full 0):
 PSYoungGen      total 38400K, used 35603K [0x00000000d5d80000, 0x00000000d8800000, 0x0000000100000000)
  eden space 33280K, 91% used [0x00000000d5d80000,0x00000000d7b49a88,0x00000000d7e00000)
  from space 5120K, 99% used [0x00000000d8300000,0x00000000d87fb2e0,0x00000000d8800000)
  to   space 5120K, 0% used [0x00000000d7e00000,0x00000000d7e00000,0x00000000d8300000)
 ParOldGen       total 87552K, used 22871K [0x0000000081800000, 0x0000000086d80000, 0x00000000d5d80000)
  object space 87552K, 26% used [0x0000000081800000,0x0000000082e55cb0,0x0000000086d80000)
 Metaspace       used 20784K, capacity 21222K, committed 21296K, reserved 1069056K
  class space    used 2462K, capacity 2580K, committed 2608K, reserved 1048576K
Event: 6.340 GC heap after
Heap after GC invocations=9 (full 0):
 PSYoungGen      total 38400K, used 5111K [0x00000000d5d80000, 0x00000000d8800000, 0x0000000100000000)
  eden space 33280K, 0% used [0x00000000d5d80000,0x00000000d5d80000,0x00000000d7e00000)
  from space 5120K, 99% used [0x00000000d7e00000,0x00000000d82fde28,0x00000000d8300000)
  to   space 5120K, 0% used [0x00000000d8300000,0x00000000d8300000,0x00000000d8800000)
 ParOldGen       total 87552K, used 24525K [0x0000000081800000, 0x0000000086d80000, 0x00000000d5d80000)
  object space 87552K, 28% used [0x0000000081800000,0x0000000082ff36d8,0x0000000086d80000)
 Metaspace       used 20784K, capacity 21222K, committed 21296K, reserved 1069056K
  class space    used 2462K, capacity 2580K, committed 2608K, reserved 1048576K
}
Event: 6.340 GC heap before
{Heap before GC invocations=10 (full 1):
 PSYoungGen      total 38400K, used 5111K [0x00000000d5d80000, 0x00000000d8800000, 0x0000000100000000)
  eden space 33280K, 0% used [0x00000000d5d80000,0x00000000d5d80000,0x00000000d7e00000)
  from space 5120K, 99% used [0x00000000d7e00000,0x00000000d82fde28,0x00000000d8300000)
  to   space 5120K, 0% used [0x00000000d8300000,0x00000000d8300000,0x00000000d8800000)
 ParOldGen       total 87552K, used 24525K [0x0000000081800000, 0x0000000086d80000, 0x00000000d5d80000)
  object space 87552K, 28% used [0x0000000081800000,0x0000000082ff36d8,0x0000000086d80000)
 Metaspace       used 20784K, capacity 21222K, committed 21296K, reserved 1069056K
  class space    used 2462K, capacity 2580K, committed 2608K, reserved 1048576K
Event: 6.452 GC heap after
Heap after GC invocations=10 (full 1):
 PSYoungGen      total 38400K, used 0K [0x00000000d5d80000, 0x00000000d8800000, 0x0000000100000000)
  eden space 33280K, 0% used [0x00000000d5d80000,0x00000000d5d80000,0x00000000d7e00000)
  from space 5120K, 0% used [0x00000000d7e00000,0x00000000d7e00000,0x00000000d8300000)
  to   space 5120K, 0% used [0x00000000d8300000,0x00000000d8300000,0x00000000d8800000)
 ParOldGen       total 77824K, used 19835K [0x0000000081800000, 0x0000000086400000, 0x00000000d5d80000)
  object space 77824K, 25% used [0x0000000081800000,0x0000000082b5ec08,0x0000000086400000)
 Metaspace       used 20772K, capacity 21208K, committed 21296K, reserved 1069056K
  class space    used 2461K, capacity 2578K, committed 2608K, reserved 1048576K
}

Deoptimization events (10 events):
Event: 6.082 Thread 0x0000000002c4d800 Uncommon trap: reason=unstable_if action=reinterpret pc=0x000000000361d820 method=java.util.WeakHashMap.expungeStaleEntries()V @ 66
Event: 6.475 Thread 0x0000000002c4d800 Uncommon trap: reason=unstable_if action=reinterpret pc=0x000000000396c420 method=org.codehaus.plexus.classworlds.realm.Entry.matches(Ljava/lang/String;)Z @ 131
Event: 6.491 Thread 0x0000000002c4d800 Uncommon trap: reason=unstable_if action=reinterpret pc=0x0000000002e69cf8 method=java.util.Properties$LineReader.readLine()I @ 246
Event: 6.494 Thread 0x0000000002c4d800 Uncommon trap: reason=unstable_if action=reinterpret pc=0x00000000036d7df4 method=java.lang.String.lastIndexOf([CII[CIII)I @ 66
Event: 6.628 Thread 0x0000000002c4d800 Uncommon trap: reason=unstable_if action=reinterpret pc=0x00000000034d02e8 method=java.util.regex.Pattern.compile()V @ 320
Event: 7.231 Thread 0x0000000002c4d800 Uncommon trap: reason=unstable_if action=reinterpret pc=0x0000000002fc035c method=sun.nio.cs.StreamDecoder.read0()I @ 11
Event: 7.233 Thread 0x0000000002c4d800 Uncommon trap: reason=class_check action=maybe_recompile pc=0x00000000032f89f4 method=java.util.Hashtable.put(Ljava/lang/Object;Ljava/lang/Object;)Ljava/lang/Object; @ 18
Event: 7.235 Thread 0x0000000002c4d800 Uncommon trap: reason=class_check action=maybe_recompile pc=0x00000000032f89f4 method=java.util.Hashtable.put(Ljava/lang/Object;Ljava/lang/Object;)Ljava/lang/Object; @ 18
Event: 7.237 Thread 0x0000000002c4d800 Uncommon trap: reason=class_check action=maybe_recompile pc=0x00000000032f89f4 method=java.util.Hashtable.put(Ljava/lang/Object;Ljava/lang/Object;)Ljava/lang/Object; @ 18
Event: 7.239 Thread 0x0000000002c4d800 Uncommon trap: reason=class_check action=maybe_recompile pc=0x00000000032f89f4 method=java.util.Hashtable.put(Ljava/lang/Object;Ljava/lang/Object;)Ljava/lang/Object; @ 18

Internal exceptions (10 events):
Event: 4.203 Thread 0x0000000002c4d800 Exception <a 'java/security/PrivilegedActionException'> (0x00000000d7ce7c00) thrown at [C:\re\workspace\8-2-build-windows-amd64-cygwin\jdk8u121\8372\hotspot\src\share\vm\prims\jvm.cpp, line 1390]
Event: 4.326 Thread 0x0000000002c4d800 Exception <a 'java/io/FileNotFoundException'> (0x00000000d6277298) thrown at [C:\re\workspace\8-2-build-windows-amd64-cygwin\jdk8u121\8372\hotspot\src\share\vm\prims\jni.cpp, line 709]
Event: 4.329 Thread 0x0000000002c4d800 Exception <a 'java/io/FileNotFoundException'> (0x00000000d62ab350) thrown at [C:\re\workspace\8-2-build-windows-amd64-cygwin\jdk8u121\8372\hotspot\src\share\vm\prims\jni.cpp, line 709]
Event: 4.439 Thread 0x0000000002c4d800 Exception <a 'java/io/FileNotFoundException'> (0x00000000d6909968) thrown at [C:\re\workspace\8-2-build-windows-amd64-cygwin\jdk8u121\8372\hotspot\src\share\vm\prims\jni.cpp, line 709]
Event: 5.598 Thread 0x0000000002c4d800 Exception <a 'java/lang/NoClassDefFoundError': org/slf4j/Logger> (0x00000000d7c02e30) thrown at [C:\re\workspace\8-2-build-windows-amd64-cygwin\jdk8u121\8372\hotspot\src\share\vm\oops\constantPool.cpp, line 235]
Event: 5.708 Thread 0x0000000002c4d800 Implicit null exception at 0x0000000003974677 to 0x00000000039748c1
Event: 6.274 Thread 0x0000000002c4d800 Exception <a 'java/lang/NoClassDefFoundError': org/slf4j/Logger> (0x00000000d79a2a80) thrown at [C:\re\workspace\8-2-build-windows-amd64-cygwin\jdk8u121\8372\hotspot\src\share\vm\oops\constantPool.cpp, line 235]
Event: 6.491 Thread 0x0000000002c4d800 Exception <a 'java/io/FileNotFoundException'> (0x00000000d5e816e0) thrown at [C:\re\workspace\8-2-build-windows-amd64-cygwin\jdk8u121\8372\hotspot\src\share\vm\prims\jni.cpp, line 709]
Event: 6.557 Thread 0x0000000002c4d800 Exception <a 'java/lang/NoSuchFieldError': method resolution failed> (0x00000000d5f50820) thrown at [C:\re\workspace\8-2-build-windows-amd64-cygwin\jdk8u121\8372\hotspot\src\share\vm\prims\methodHandles.cpp, line 1146]
Event: 6.559 Thread 0x0000000002c4d800 Exception <a 'java/lang/NoSuchFieldError': method resolution failed> (0x00000000d5f5e680) thrown at [C:\re\workspace\8-2-build-windows-amd64-cygwin\jdk8u121\8372\hotspot\src\share\vm\prims\methodHandles.cpp, line 1146]

Events (10 events):
Event: 7.237 Thread 0x0000000002c4d800 Uncommon trap: trap_request=0xffffffde fr.pc=0x00000000032f89f4
Event: 7.237 Thread 0x0000000002c4d800 DEOPT PACKING pc=0x00000000032f89f4 sp=0x0000000002b4d630
Event: 7.238 Thread 0x0000000002c4d800 DEOPT UNPACKING pc=0x0000000002d9582a sp=0x0000000002b4d620 mode 2
Event: 7.239 Thread 0x0000000002c4d800 Uncommon trap: trap_request=0xffffffde fr.pc=0x00000000032f89f4
Event: 7.239 Thread 0x0000000002c4d800 DEOPT PACKING pc=0x00000000032f89f4 sp=0x0000000002b4d630
Event: 7.239 Thread 0x0000000002c4d800 DEOPT UNPACKING pc=0x0000000002d9582a sp=0x0000000002b4d620 mode 2
Event: 7.246 loading class org/codehaus/plexus/archiver/util/ResourceUtils
Event: 7.246 loading class org/codehaus/plexus/archiver/util/ResourceUtils done
Event: 7.246 loading class org/codehaus/plexus/archiver/util/ResourceUtils
Event: 7.246 loading class org/codehaus/plexus/archiver/util/ResourceUtils done


Dynamic libraries:
0x00007ff63a280000 - 0x00007ff63a2b7000 	C:\Program Files\Java\jdk1.8.0_121\bin\java.exe
0x00007ff81fc90000 - 0x00007ff81fe61000 	C:\WINDOWS\SYSTEM32\ntdll.dll
0x00007ff81db00000 - 0x00007ff81dbac000 	C:\WINDOWS\System32\KERNEL32.DLL
0x00007ffff84b0000 - 0x00007ffff84e3000 	C:\Program Files\AVAST Software\Avast\x64\aswhooka.dll
0x00007ff81d000000 - 0x00007ff81d21d000 	C:\WINDOWS\System32\KERNELBASE.dll
0x00007ff81e250000 - 0x00007ff81e2f2000 	C:\WINDOWS\System32\ADVAPI32.dll
0x00007ff81da60000 - 0x00007ff81dafe000 	C:\WINDOWS\System32\msvcrt.dll
0x00007ff81d990000 - 0x00007ff81d9e9000 	C:\WINDOWS\System32\sechost.dll
0x00007ff81e110000 - 0x00007ff81e231000 	C:\WINDOWS\System32\RPCRT4.dll
0x00007ff81fb20000 - 0x00007ff81fc85000 	C:\WINDOWS\System32\USER32.dll
0x00007ff81cc40000 - 0x00007ff81cc5e000 	C:\WINDOWS\System32\win32u.dll
0x00007ff81fae0000 - 0x00007ff81fb14000 	C:\WINDOWS\System32\GDI32.dll
0x00007ff81cd10000 - 0x00007ff81ce92000 	C:\WINDOWS\System32\gdi32full.dll
0x00007ff810d70000 - 0x00007ff810fea000 	C:\WINDOWS\WinSxS\amd64_microsoft.windows.common-controls_6595b64144ccf1df_6.0.14393.953_none_42151e83c686086b\COMCTL32.dll
0x00007ff81dbb0000 - 0x00007ff81de78000 	C:\WINDOWS\System32\combase.dll
0x00007ff81cea0000 - 0x00007ff81cf95000 	C:\WINDOWS\System32\ucrtbase.dll
0x00007ff81c1d0000 - 0x00007ff81c23a000 	C:\WINDOWS\System32\bcryptPrimitives.dll
0x00007ff81de80000 - 0x00007ff81deae000 	C:\WINDOWS\System32\IMM32.DLL
0x0000000074770000 - 0x0000000074842000 	C:\Program Files\Java\jdk1.8.0_121\jre\bin\msvcr100.dll
0x0000000073ed0000 - 0x000000007476b000 	C:\Program Files\Java\jdk1.8.0_121\jre\bin\server\jvm.dll
0x00007ff81e240000 - 0x00007ff81e248000 	C:\WINDOWS\System32\PSAPI.DLL
0x00007ff818190000 - 0x00007ff818199000 	C:\WINDOWS\SYSTEM32\WSOCK32.dll
0x00007ff81e370000 - 0x00007ff81e3da000 	C:\WINDOWS\System32\WS2_32.dll
0x00007ff81a2e0000 - 0x00007ff81a303000 	C:\WINDOWS\SYSTEM32\WINMM.dll
0x00007ff80e600000 - 0x00007ff80e60a000 	C:\WINDOWS\SYSTEM32\VERSION.dll
0x00007ff81a280000 - 0x00007ff81a2ab000 	C:\WINDOWS\SYSTEM32\WINMMBASE.dll
0x00007ff81c180000 - 0x00007ff81c1c2000 	C:\WINDOWS\System32\cfgmgr32.dll
0x0000000073ec0000 - 0x0000000073ecf000 	C:\Program Files\Java\jdk1.8.0_121\jre\bin\verify.dll
0x0000000073e90000 - 0x0000000073eb9000 	C:\Program Files\Java\jdk1.8.0_121\jre\bin\java.dll
0x0000000073e70000 - 0x0000000073e86000 	C:\Program Files\Java\jdk1.8.0_121\jre\bin\zip.dll
0x00007ff81e3e0000 - 0x00007ff81f8e8000 	C:\WINDOWS\System32\SHELL32.dll
0x00007ff81c2f0000 - 0x00007ff81c9ca000 	C:\WINDOWS\System32\windows.storage.dll
0x00007ff81c130000 - 0x00007ff81c17c000 	C:\WINDOWS\System32\powrprof.dll
0x00007ff81da00000 - 0x00007ff81da52000 	C:\WINDOWS\System32\shlwapi.dll
0x00007ff81c110000 - 0x00007ff81c11f000 	C:\WINDOWS\System32\kernel.appcore.dll
0x00007ff81cc60000 - 0x00007ff81cd09000 	C:\WINDOWS\System32\shcore.dll
0x00007ff81c0f0000 - 0x00007ff81c104000 	C:\WINDOWS\System32\profapi.dll
0x00007ff816110000 - 0x00007ff816120000 	C:\Program Files (x86)\JetBrains\IntelliJ IDEA Community Edition 2016.2.4\bin\breakgen64.dll
0x0000000073e50000 - 0x0000000073e6a000 	C:\Program Files\Java\jdk1.8.0_121\jre\bin\net.dll
0x00007ff81b9c0000 - 0x00007ff81ba1c000 	C:\WINDOWS\system32\mswsock.dll
0x0000000073e30000 - 0x0000000073e41000 	C:\Program Files\Java\jdk1.8.0_121\jre\bin\nio.dll
0x00007ff81bb60000 - 0x00007ff81bb77000 	C:\WINDOWS\SYSTEM32\CRYPTSP.dll
0x00007ff81b5c0000 - 0x00007ff81b5f3000 	C:\WINDOWS\system32\rsaenh.dll
0x00007ff81c030000 - 0x00007ff81c05b000 	C:\WINDOWS\SYSTEM32\bcrypt.dll
0x00007ff81b840000 - 0x00007ff81b85f000 	C:\WINDOWS\SYSTEM32\USERENV.dll
0x00007ff81bb80000 - 0x00007ff81bb8b000 	C:\WINDOWS\SYSTEM32\CRYPTBASE.dll
0x00007ff81b740000 - 0x00007ff81b778000 	C:\WINDOWS\SYSTEM32\IPHLPAPI.DLL
0x00007ff81fad0000 - 0x00007ff81fad8000 	C:\WINDOWS\System32\NSI.dll
0x00007ff811eb0000 - 0x00007ff811ec6000 	C:\WINDOWS\SYSTEM32\dhcpcsvc6.DLL
0x00007ff811e90000 - 0x00007ff811eaa000 	C:\WINDOWS\SYSTEM32\dhcpcsvc.DLL
0x0000000073c90000 - 0x0000000073e28000 	C:\Program Files\Java\jdk1.8.0_121\jre\bin\awt.dll
0x00007ff81f950000 - 0x00007ff81fa0f000 	C:\WINDOWS\System32\OLEAUT32.dll
0x00007ff81c9d0000 - 0x00007ff81ca6c000 	C:\WINDOWS\System32\msvcp_win.dll
0x00007ff81a410000 - 0x00007ff81a48a000 	C:\WINDOWS\SYSTEM32\apphelp.dll

VM Arguments:
jvm_args: -Dmaven.home=C:\Program Files (x86)\JetBrains\IntelliJ IDEA Community Edition 2016.2.4\plugins\maven\lib\maven3 -Dclassworlds.conf=C:\Program Files (x86)\JetBrains\IntelliJ IDEA Community Edition 2016.2.4\plugins\maven\lib\maven3\bin\m2.conf -Didea.launcher.port=7556 -Didea.launcher.bin.path=C:\Program Files (x86)\JetBrains\IntelliJ IDEA Community Edition 2016.2.4\bin -Dfile.encoding=UTF-8 
java_command: com.intellij.rt.execution.application.AppMain org.codehaus.classworlds.Launcher -Didea.version=2016.2.5 package
java_class_path (initial): C:\Program Files (x86)\JetBrains\IntelliJ IDEA Community Edition 2016.2.4\plugins\maven\lib\maven3\boot\plexus-classworlds-2.4.jar;C:\Program Files (x86)\JetBrains\IntelliJ IDEA Community Edition 2016.2.4\lib\idea_rt.jar
Launcher Type: SUN_STANDARD

Environment Variables:
PATH=C:\ProgramData\Oracle\Java\javapath;C:\Users\eli\Documents\Redux\;C:\Program Files (x86)\Intel\iCLS Client\;C:\Program Files\Intel\iCLS Client\;C:\WINDOWS\system32;C:\WINDOWS;C:\WINDOWS\System32\Wbem;C:\WINDOWS\System32\WindowsPowerShell\v1.0\;C:\Program Files (x86)\Intel\Intel(R) Management Engine Components\DAL;C:\Program Files\Intel\Intel(R) Management Engine Components\DAL;C:\Program Files (x86)\Intel\Intel(R) Management Engine Components\IPT;C:\Program Files\Intel\Intel(R) Management Engine Components\IPT;C:\WINDOWS\system32\config\systemprofile\.dnx\bin;C:\Program Files\Microsoft DNX\Dnvm\;C:\Program Files\Microsoft SQL Server\130\Tools\Binn\;C:\Program Files (x86)\Windows Kits\8.1\Windows Performance Toolkit\;C:\Program Files (x86)\Java\jdk1.8.0_101\bin\;C:\Python27\Scripts;C:\Python27;C:\Users\eli\Documents\lucene-6.4.0\lucene-6.4.0;C:\Program Files\MongoDB\Server\3.4\bin;C:\Program Files\Java\jdk1.8.0_121\bin\;C:\Program Files\MATLAB\R2016b\runtime\win64;C:\Program Files\MATLAB\R2016b\bin;C:\curl;C:\Program Files (x86)\Skype\Phone\;C:\Program Files\Intel\WiFi\bin\;C:\Program Files\Common Files\Intel\WirelessCommon\;C:\maven\apache-maven-3.5.0-bin\apache-maven-3.5.0\bin;C:\Program Files\nodejs\;C:\Program Files (x86)\Microsoft VS Code\bin;C:\Users\eli\AppData\Local\Microsoft\WindowsApps;C:\Python27\Scripts;C:\Python27;C:\Users\eli\Documents\lucene-6.4.0\lucene-6.4.0;C:\Program Files\MongoDB\Server\3.4\bin;C:\Program Files\Java\jdk1.8.0_121;C:\curl;C:\maven\apache-maven-3.5.0-bin\apache-maven-3.5.0\bin;C:\Users\eli\AppData\Roaming\npm
USERNAME=eli
OS=Windows_NT
PROCESSOR_IDENTIFIER=Intel64 Family 6 Model 78 Stepping 3, GenuineIntel



---------------  S Y S T E M  ---------------

OS: Windows 10.0 , 64 bit Build 14393 (10.0.14393.1198)

CPU:total 4 (2 cores per cpu, 2 threads per core) family 6 model 78 stepping 3, cmov, cx8, fxsr, mmx, sse, sse2, sse3, ssse3, sse4.1, sse4.2, popcnt, avx, avx2, aes, clmul, erms, 3dnowpref, lzcnt, ht, tsc, tscinvbit, bmi1, bmi2, adx

Memory: 4k page, physical 8285196k(1776564k free), swap 15342744k(5632k free)

vm_info: Java HotSpot(TM) 64-Bit Server VM (25.121-b13) for windows-amd64 JRE (1.8.0_121-b13), built on Dec 12 2016 18:21:36 by "java_re" with MS VC++ 10.0 (VS2010)

time: Wed Jun 07 13:44:45 2017
elapsed time: 7 seconds (0d 0h 0m 7s)

